  Animation.cpp
  Attack.cpp
  Bounds.cpp
  Button.cpp
  Camera.cpp
  D3DApp.cpp
  D3DUtils.cpp
  DirectInput.cpp
  Effect.cpp
  Enemy.cpp
  FrameStats.cpp
FrameStats.cpp(89): warning C4996: 'swprintf': swprintf has been changed to conform with the ISO C standard, adding an extra character count parameter. To use traditional Microsoft swprintf, set _CRT_NON_CONFORMING_SWPRINTFS.
          C:\Program Files (x86)\Microsoft Visual Studio 12.0\VC\include\swprintf.inl(85) : see declaration of 'swprintf'
  Level.cpp
  Menu.cpp
  Mesh.cpp
  PathNode.cpp
  PickUp.cpp
  Player.cpp
  ProjectApp.cpp
  StateMachine.cpp
  Texture2D.cpp
  Compiling...
  Vertex.cpp
  Generating code
  Finished generating code
  Dart.vcxproj -> D:\Dart\Release\Dart.exe
