d:\dart\dart\release\vc120.pdb
d:\dart\dart\release\projectapp.obj
d:\dart\dart\release\player.obj
d:\dart\dart\release\pickup.obj
d:\dart\dart\release\pathnode.obj
d:\dart\dart\release\mesh.obj
d:\dart\dart\release\menu.obj
d:\dart\dart\release\levelimporter.obj
d:\dart\dart\release\level.obj
d:\dart\dart\release\framestats.obj
d:\dart\dart\release\enemy.obj
d:\dart\dart\release\effect.obj
d:\dart\dart\release\editorpawn.obj
d:\dart\dart\release\directinput.obj
d:\dart\dart\release\d3dutils.obj
d:\dart\dart\release\d3dapp.obj
d:\dart\dart\release\camera.obj
d:\dart\dart\release\button.obj
d:\dart\dart\release\bounds.obj
d:\dart\dart\release\attack.obj
d:\dart\dart\release\animation.obj
d:\dart\dart\release\vertex.obj
d:\dart\dart\release\userinterface.obj
d:\dart\dart\release\texture2d.obj
d:\dart\dart\release\text.obj
d:\dart\dart\release\statemachine.obj
d:\dart\dart\release\sound.obj
d:\dart\release\dart.exe
d:\dart\release\dart.pdb
d:\dart\dart\release\dart.tlog\cl.command.1.tlog
d:\dart\dart\release\dart.tlog\cl.read.1.tlog
d:\dart\dart\release\dart.tlog\cl.write.1.tlog
d:\dart\dart\release\dart.tlog\link.command.1.tlog
d:\dart\dart\release\dart.tlog\link.read.1.tlog
d:\dart\dart\release\dart.tlog\link.write.1.tlog
