d:\dart\dartleveleditor\dartleveleditor\debug\vc120.pdb
d:\dart\dartleveleditor\dartleveleditor\debug\vc120.idb
d:\dart\dartleveleditor\dartleveleditor\debug\bartpawn.obj
d:\dart\dartleveleditor\dartleveleditor\debug\camera.obj
d:\dart\dartleveleditor\dartleveleditor\debug\d3dapp.obj
d:\dart\dartleveleditor\dartleveleditor\debug\d3dutils.obj
d:\dart\dartleveleditor\dartleveleditor\debug\dartdlg.obj
d:\dart\dartleveleditor\dartleveleditor\debug\dartleveleditorapp.obj
d:\dart\dartleveleditor\dartleveleditor\debug\dartpawn.obj
d:\dart\dartleveleditor\dartleveleditor\debug\dxinput.obj
d:\dart\dartleveleditor\dartleveleditor\debug\editorpawn.obj
d:\dart\dartleveleditor\dartleveleditor\debug\antzpawn.obj
d:\dart\dartleveleditor\dartleveleditor\debug\fxmanager.obj
d:\dart\dartleveleditor\dartleveleditor\debug\gfxstats.obj
d:\dart\dartleveleditor\dartleveleditor\debug\timer.obj
d:\dart\dartleveleditor\dartleveleditor\debug\vertex.obj
d:\dart\dartleveleditor\dartleveleditor\debug\wallpawn.obj
d:\dart\debug\dartleveleditor.ilk
d:\dart\debug\dartleveleditor.exe
d:\dart\debug\dartleveleditor.pdb
d:\dart\dartleveleditor\dartleveleditor\debug\dartleveleditor.res
d:\dart\dartleveleditor\dartleveleditor\debug\dartleveleditor.tlog\cl.command.1.tlog
d:\dart\dartleveleditor\dartleveleditor\debug\dartleveleditor.tlog\cl.read.1.tlog
d:\dart\dartleveleditor\dartleveleditor\debug\dartleveleditor.tlog\cl.write.1.tlog
d:\dart\dartleveleditor\dartleveleditor\debug\dartleveleditor.tlog\link.command.1.tlog
d:\dart\dartleveleditor\dartleveleditor\debug\dartleveleditor.tlog\link.read.1.tlog
d:\dart\dartleveleditor\dartleveleditor\debug\dartleveleditor.tlog\link.write.1.tlog
d:\dart\dartleveleditor\dartleveleditor\debug\dartleveleditor.tlog\rc.command.1.tlog
d:\dart\dartleveleditor\dartleveleditor\debug\dartleveleditor.tlog\rc.read.1.tlog
d:\dart\dartleveleditor\dartleveleditor\debug\dartleveleditor.tlog\rc.write.1.tlog
