d:\dart\dartleveleditor\debug\dartleveleditor.pch
d:\dart\dartleveleditor\debug\vc120.pdb
d:\dart\dartleveleditor\debug\vc120.idb
d:\dart\dartleveleditor\debug\stdafx.obj
d:\dart\dartleveleditor\debug\d3dapp.obj
d:\dart\dartleveleditor\debug\d3dutils.obj
d:\dart\dartleveleditor\debug\dartleveleditor.obj
d:\dart\dartleveleditor\debug\dartleveleditordlg.obj
d:\dart\dartleveleditor\debug\renderwindow.obj
d:\dart\debug\dartleveleditor.ilk
d:\dart\debug\dartleveleditor.exe
d:\dart\debug\dartleveleditor.pdb
d:\dart\dartleveleditor\debug\dartleveleditor.res
d:\dart\dartleveleditor\debug\dartleveleditor.tlog\cl.command.1.tlog
d:\dart\dartleveleditor\debug\dartleveleditor.tlog\cl.read.1.tlog
d:\dart\dartleveleditor\debug\dartleveleditor.tlog\cl.write.1.tlog
d:\dart\dartleveleditor\debug\dartleveleditor.tlog\link.command.1.tlog
d:\dart\dartleveleditor\debug\dartleveleditor.tlog\link.read.1.tlog
d:\dart\dartleveleditor\debug\dartleveleditor.tlog\link.write.1.tlog
d:\dart\dartleveleditor\debug\dartleveleditor.tlog\rc.command.1.tlog
d:\dart\dartleveleditor\debug\dartleveleditor.tlog\rc.read.1.tlog
d:\dart\dartleveleditor\debug\dartleveleditor.tlog\rc.write.1.tlog
