  Vertex.cpp
  Texture2D.cpp
  StateMachine.cpp
  ProjectApp.cpp
  Player.cpp
  PickUp.cpp
  PathNode.cpp
  Mesh.cpp
  Menu.cpp
  Level.cpp
  FrameStats.cpp
d:\dart\dart\framestats.cpp(89): warning C4996: 'swprintf': swprintf has been changed to conform with the ISO C standard, adding an extra character count parameter. To use traditional Microsoft swprintf, set _CRT_NON_CONFORMING_SWPRINTFS.
          c:\program files (x86)\microsoft visual studio 12.0\vc\include\swprintf.inl(85) : see declaration of 'swprintf'
  Enemy.cpp
  Effect.cpp
  DirectInput.cpp
  D3DUtils.cpp
  D3DApp.cpp
  Camera.cpp
  Button.cpp
  Bounds.cpp
  Attack.cpp
  Generating Code...
  Compiling...
  Animation.cpp
  Generating Code...
  Dart.vcxproj -> D:\Dart\Debug\Dart.exe
