r:\google drive\school\applied development project ii\dartrepo\dart\dart\debug\vc120.pdb
r:\google drive\school\applied development project ii\dartrepo\dart\dart\debug\vc120.idb
d:\dart\dart\debug\vc120.pdb
d:\dart\dart\debug\vc120.idb
d:\dart\dart\debug\attack.obj
d:\dart\dart\debug\bounds.obj
d:\dart\dart\debug\button.obj
d:\dart\dart\debug\camera.obj
d:\dart\dart\debug\d3dapp.obj
d:\dart\dart\debug\d3dutils.obj
d:\dart\dart\debug\directinput.obj
d:\dart\dart\debug\effect.obj
d:\dart\dart\debug\enemy.obj
d:\dart\dart\debug\framestats.obj
d:\dart\dart\debug\level.obj
d:\dart\dart\debug\menu.obj
d:\dart\dart\debug\mesh.obj
d:\dart\dart\debug\pathnode.obj
d:\dart\dart\debug\pickup.obj
d:\dart\dart\debug\player.obj
d:\dart\dart\debug\projectapp.obj
d:\dart\dart\debug\statemachine.obj
d:\dart\dart\debug\texture2d.obj
d:\dart\dart\debug\vertex.obj
d:\dart\dart\debug\animation.obj
r:\google drive\school\applied development project ii\dartrepo\dart\debug\dart.ilk
r:\google drive\school\applied development project ii\dartrepo\dart\debug\dart.exe
r:\google drive\school\applied development project ii\dartrepo\dart\debug\dart.pdb
d:\dart\debug\dart.ilk
d:\dart\debug\dart.exe
d:\dart\debug\dart.pdb
d:\dart\dart\debug\dart.tlog\cl.command.1.tlog
d:\dart\dart\debug\dart.tlog\cl.read.1.tlog
d:\dart\dart\debug\dart.tlog\cl.write.1.tlog
d:\dart\dart\debug\dart.tlog\link.command.1.tlog
d:\dart\dart\debug\dart.tlog\link.read.1.tlog
d:\dart\dart\debug\dart.tlog\link.write.1.tlog
