d:\dart\dartleveleditor\dartleveleditor\release\vc120.pdb
d:\dart\dartleveleditor\dartleveleditor\release\vertex.obj
d:\dart\dartleveleditor\dartleveleditor\release\timer.obj
d:\dart\dartleveleditor\dartleveleditor\release\pickuppawn.obj
d:\dart\dartleveleditor\dartleveleditor\release\pickupdlg.obj
d:\dart\dartleveleditor\dartleveleditor\release\locparams.obj
d:\dart\dartleveleditor\dartleveleditor\release\goalpawn.obj
d:\dart\dartleveleditor\dartleveleditor\release\gfxstats.obj
d:\dart\dartleveleditor\dartleveleditor\release\fxmanager.obj
d:\dart\dartleveleditor\dartleveleditor\release\fleepointpawn.obj
d:\dart\dartleveleditor\dartleveleditor\release\enemytypedlg.obj
d:\dart\dartleveleditor\dartleveleditor\release\enemypawn.obj
d:\dart\dartleveleditor\dartleveleditor\release\editorpawn.obj
d:\dart\dartleveleditor\dartleveleditor\release\dxinput.obj
d:\dart\dartleveleditor\dartleveleditor\release\dartpawn.obj
d:\dart\dartleveleditor\dartleveleditor\release\dartleveleditorapp.obj
d:\dart\dartleveleditor\dartleveleditor\release\dartdlg.obj
d:\dart\dartleveleditor\dartleveleditor\release\d3dutils.obj
d:\dart\dartleveleditor\dartleveleditor\release\d3dapp.obj
d:\dart\dartleveleditor\dartleveleditor\release\camera.obj
d:\dart\dartleveleditor\dartleveleditor\release\bartpawn.obj
d:\dart\dartleveleditor\dartleveleditor\release\wallpawn.obj
d:\dart\release\dartleveleditor.exe
d:\dart\release\dartleveleditor.pdb
d:\dart\dartleveleditor\dartleveleditor\release\dartleveleditor.res
d:\dart\dartleveleditor\dartleveleditor\release\dartleveleditor.tlog\cl.command.1.tlog
d:\dart\dartleveleditor\dartleveleditor\release\dartleveleditor.tlog\cl.read.1.tlog
d:\dart\dartleveleditor\dartleveleditor\release\dartleveleditor.tlog\cl.write.1.tlog
d:\dart\dartleveleditor\dartleveleditor\release\dartleveleditor.tlog\link.command.1.tlog
d:\dart\dartleveleditor\dartleveleditor\release\dartleveleditor.tlog\link.read.1.tlog
d:\dart\dartleveleditor\dartleveleditor\release\dartleveleditor.tlog\link.write.1.tlog
d:\dart\dartleveleditor\dartleveleditor\release\dartleveleditor.tlog\rc.command.1.tlog
d:\dart\dartleveleditor\dartleveleditor\release\dartleveleditor.tlog\rc.read.1.tlog
d:\dart\dartleveleditor\dartleveleditor\release\dartleveleditor.tlog\rc.write.1.tlog
